<testng-results>
  <reporter-output>
  </reporter-output>
  <suite name="retailer" duration-ms="1249" started-at="2010-08-07T22:57:26Z" finished-at="2010-08-07T22:57:28Z">
    <groups>
    </groups>
    <test name="fr.smile.retailer.utils.CustromNumberUtilsTest" duration-ms="1249" started-at="2010-08-07T22:57:26Z" finished-at="2010-08-07T22:57:28Z">
      <class name="fr.smile.retailer.utils.CustromNumberUtilsTest">
        <test-method status="PASS" signature="springTestContextBeforeTestClass()" name="springTestContextBeforeTestClass" is-config="true" duration-ms="3" started-at="2010-08-07T22:57:26Z" finished-at="2010-08-07T22:57:26Z">
        </test-method>
        <test-method status="PASS" signature="springTestContextPrepareTestInstance()" name="springTestContextPrepareTestInstance" is-config="true" duration-ms="1196" started-at="2010-08-07T22:57:26Z" depends-on-methods="org.springframework.test.context.testng.AbstractTestNGSpringContextTests.springTestContextBeforeTestClass" finished-at="2010-08-07T22:57:28Z">
        </test-method>
        <test-method status="PASS" signature="springTestContextBeforeTestMethod(java.lang.reflect.Method)" name="springTestContextBeforeTestMethod" is-config="true" duration-ms="3" started-at="2010-08-07T22:57:28Z" finished-at="2010-08-07T22:57:28Z">
          <params>
            <param index="0">
              <value>
                <![CDATA[public void fr.smile.retailer.utils.CustromNumberUtilsTest.testCreateBigDecimal()]]>
              </value>
            </param>
          </params>
        </test-method>
        <test-method status="FAIL" signature="testCreateBigDecimal()" name="testCreateBigDecimal" duration-ms="10" started-at="2010-08-07T22:57:28Z" finished-at="2010-08-07T22:57:28Z">
          <exception class="java.lang.NumberFormatException">
            <message>
              <![CDATA[A blank string is not a valid number]]>
            </message>
            <full-stacktrace>
              <![CDATA[java.lang.NumberFormatException: A blank string is not a valid number
	at fr.smile.retailer.utils.CustomNumberUtils.createBigDecimal(CustomNumberUtils.java:16)
	at fr.smile.retailer.utils.CustromNumberUtilsTest.testCreateBigDecimal(CustromNumberUtilsTest.java:24)
	at sun.reflect.NativeMethodAccessorImpl.invoke0(Native Method)
	at sun.reflect.NativeMethodAccessorImpl.invoke(NativeMethodAccessorImpl.java:39)
	at sun.reflect.DelegatingMethodAccessorImpl.invoke(DelegatingMethodAccessorImpl.java:25)
	at java.lang.reflect.Method.invoke(Method.java:597)
	at org.testng.internal.MethodHelper.invokeMethod(MethodHelper.java:643)
	at org.testng.internal.MethodHelper$1.runTestMethod(MethodHelper.java:761)
	at org.springframework.test.context.testng.AbstractTestNGSpringContextTests.run(AbstractTestNGSpringContextTests.java:158)
	at sun.reflect.NativeMethodAccessorImpl.invoke0(Native Method)
	at sun.reflect.NativeMethodAccessorImpl.invoke(NativeMethodAccessorImpl.java:39)
	at sun.reflect.DelegatingMethodAccessorImpl.invoke(DelegatingMethodAccessorImpl.java:25)
	at java.lang.reflect.Method.invoke(Method.java:597)
	at org.testng.internal.MethodHelper.invokeHookable(MethodHelper.java:769)
	at org.testng.internal.Invoker.invokeMethod(Invoker.java:552)
	at org.testng.internal.Invoker.invokeTestMethod(Invoker.java:723)
	at org.testng.internal.Invoker.invokeTestMethods(Invoker.java:1027)
	at org.testng.internal.TestMethodWorker.invokeTestMethods(TestMethodWorker.java:137)
	at org.testng.internal.TestMethodWorker.run(TestMethodWorker.java:121)
	at org.testng.TestRunner.runWorkers(TestRunner.java:953)
	at org.testng.TestRunner.privateRun(TestRunner.java:633)
	at org.testng.TestRunner.run(TestRunner.java:505)
	at org.testng.SuiteRunner.runTest(SuiteRunner.java:359)
	at org.testng.SuiteRunner.runSequentially(SuiteRunner.java:354)
	at org.testng.SuiteRunner.privateRun(SuiteRunner.java:316)
	at org.testng.SuiteRunner.run(SuiteRunner.java:195)
	at org.testng.TestNG.createAndRunSuiteRunners(TestNG.java:903)
	at org.testng.TestNG.runSuitesLocally(TestNG.java:872)
	at org.testng.TestNG.run(TestNG.java:780)
	at org.testng.remote.RemoteTestNG.run(RemoteTestNG.java:75)
	at org.testng.remote.RemoteTestNG.main(RemoteTestNG.java:127)
]]>
            </full-stacktrace>
          </exception>
        </test-method>
        <test-method status="PASS" signature="springTestContextAfterTestMethod(java.lang.reflect.Method)" name="springTestContextAfterTestMethod" is-config="true" duration-ms="1" started-at="2010-08-07T22:57:28Z" finished-at="2010-08-07T22:57:28Z">
          <params>
            <param index="0">
              <value>
                <![CDATA[public void fr.smile.retailer.utils.CustromNumberUtilsTest.testCreateBigDecimal()]]>
              </value>
            </param>
          </params>
        </test-method>
        <test-method status="PASS" signature="springTestContextBeforeTestMethod(java.lang.reflect.Method)" name="springTestContextBeforeTestMethod" is-config="true" duration-ms="0" started-at="2010-08-07T22:57:28Z" finished-at="2010-08-07T22:57:28Z">
          <params>
            <param index="0">
              <value>
                <![CDATA[public void fr.smile.retailer.utils.CustromNumberUtilsTest.testCreateIntegerViaDouble()]]>
              </value>
            </param>
          </params>
        </test-method>
        <test-method status="FAIL" signature="testCreateIntegerViaDouble()" name="testCreateIntegerViaDouble" duration-ms="4" started-at="2010-08-07T22:57:28Z" finished-at="2010-08-07T22:57:28Z">
          <exception class="java.lang.NumberFormatException">
            <message>
              <![CDATA[empty String]]>
            </message>
            <full-stacktrace>
              <![CDATA[java.lang.NumberFormatException: empty String
	at sun.misc.FloatingDecimal.readJavaFormatString(FloatingDecimal.java:994)
	at java.lang.Double.valueOf(Double.java:475)
	at org.apache.commons.lang.math.NumberUtils.createDouble(NumberUtils.java:596)
	at fr.smile.retailer.utils.CustomNumberUtils.createIntegerViaDouble(CustomNumberUtils.java:26)
	at fr.smile.retailer.utils.CustromNumberUtilsTest.testCreateIntegerViaDouble(CustromNumberUtilsTest.java:16)
	at sun.reflect.NativeMethodAccessorImpl.invoke0(Native Method)
	at sun.reflect.NativeMethodAccessorImpl.invoke(NativeMethodAccessorImpl.java:39)
	at sun.reflect.DelegatingMethodAccessorImpl.invoke(DelegatingMethodAccessorImpl.java:25)
	at java.lang.reflect.Method.invoke(Method.java:597)
	at org.testng.internal.MethodHelper.invokeMethod(MethodHelper.java:643)
	at org.testng.internal.MethodHelper$1.runTestMethod(MethodHelper.java:761)
	at org.springframework.test.context.testng.AbstractTestNGSpringContextTests.run(AbstractTestNGSpringContextTests.java:158)
	at sun.reflect.NativeMethodAccessorImpl.invoke0(Native Method)
	at sun.reflect.NativeMethodAccessorImpl.invoke(NativeMethodAccessorImpl.java:39)
	at sun.reflect.DelegatingMethodAccessorImpl.invoke(DelegatingMethodAccessorImpl.java:25)
	at java.lang.reflect.Method.invoke(Method.java:597)
	at org.testng.internal.MethodHelper.invokeHookable(MethodHelper.java:769)
	at org.testng.internal.Invoker.invokeMethod(Invoker.java:552)
	at org.testng.internal.Invoker.invokeTestMethod(Invoker.java:723)
	at org.testng.internal.Invoker.invokeTestMethods(Invoker.java:1027)
	at org.testng.internal.TestMethodWorker.invokeTestMethods(TestMethodWorker.java:137)
	at org.testng.internal.TestMethodWorker.run(TestMethodWorker.java:121)
	at org.testng.TestRunner.runWorkers(TestRunner.java:953)
	at org.testng.TestRunner.privateRun(TestRunner.java:633)
	at org.testng.TestRunner.run(TestRunner.java:505)
	at org.testng.SuiteRunner.runTest(SuiteRunner.java:359)
	at org.testng.SuiteRunner.runSequentially(SuiteRunner.java:354)
	at org.testng.SuiteRunner.privateRun(SuiteRunner.java:316)
	at org.testng.SuiteRunner.run(SuiteRunner.java:195)
	at org.testng.TestNG.createAndRunSuiteRunners(TestNG.java:903)
	at org.testng.TestNG.runSuitesLocally(TestNG.java:872)
	at org.testng.TestNG.run(TestNG.java:780)
	at org.testng.remote.RemoteTestNG.run(RemoteTestNG.java:75)
	at org.testng.remote.RemoteTestNG.main(RemoteTestNG.java:127)
]]>
            </full-stacktrace>
          </exception>
        </test-method>
        <test-method status="PASS" signature="springTestContextAfterTestMethod(java.lang.reflect.Method)" name="springTestContextAfterTestMethod" is-config="true" duration-ms="0" started-at="2010-08-07T22:57:28Z" finished-at="2010-08-07T22:57:28Z">
          <params>
            <param index="0">
              <value>
                <![CDATA[public void fr.smile.retailer.utils.CustromNumberUtilsTest.testCreateIntegerViaDouble()]]>
              </value>
            </param>
          </params>
        </test-method>
        <test-method status="PASS" signature="springTestContextAfterTestClass()" name="springTestContextAfterTestClass" is-config="true" duration-ms="0" started-at="2010-08-07T22:57:28Z" finished-at="2010-08-07T22:57:28Z">
        </test-method>
      </class>
    </test>
  </suite>
</testng-results>
